<?xml version="1.0" encoding="utf-8"?><testsuites name="pytest tests"><testsuite name="pytest" errors="0" failures="0" skipped="0" tests="8" time="15.513" timestamp="2026-05-31T02:32:58.721222+00:00" hostname="agent-env-573a2e0e-ab75-412e-b04b-5c192a4d8cdd"><testcase classname="backend.tests.backend_test.TestRoot" name="test_root_returns_message" time="0.291" /><testcase classname="backend.tests.backend_test.TestContact" name="test_post_contact_valid" time="0.071" /><testcase classname="backend.tests.backend_test.TestContact" name="test_post_contact_invalid_email" time="0.055" /><testcase classname="backend.tests.backend_test.TestContact" name="test_post_contact_missing_fields" time="0.053" /><testcase classname="backend.tests.backend_test.TestContact" name="test_get_contact_list" time="0.055" /><testcase classname="backend.tests.backend_test.TestChat" name="test_post_chat_returns_reply" time="9.965" /><testcase classname="backend.tests.backend_test.TestChat" name="test_get_chat_history" time="4.268" /><testcase classname="backend.tests.backend_test.TestChat" name="test_chat_invalid_payload" time="0.055" /></testsuite></testsuites>